<?xml version="1.0" encoding="UTF-8"?>
<!-- Generated by org.testng.reporters.JUnitXMLReporter -->
<testsuite hostname="LAPTOP-EOTPPL39" ignored="0" name="Test" tests="3" failures="0" timestamp="2026-05-31T20:46:53 CST" time="23.101" errors="0">
  <testcase name="@BeforeClass setup" time="21.52" classname="com.test.day11.testcases.RegisterTest">
    <failure type="java.lang.RuntimeException" message="com.mysql.jdbc.exceptions.jdbc4.CommunicationsException: Communications link failure

The last packet sent successfully to the server was 0 milliseconds ago. The driver has not received any packets from the server.">
      <![CDATA[java.lang.RuntimeException: com.mysql.jdbc.exceptions.jdbc4.CommunicationsException: Communications link failure

The last packet sent successfully to the server was 0 milliseconds ago. The driver has not received any packets from the server.
at com.test.day11.util.JDBCUtil.getConnection(JDBCUtil.java:27)
at com.test.day11.util.JDBCUtil.querySingleData(JDBCUtil.java:37)
at com.test.day11.util.RandomDataUtil.getUnregisterPhone(RandomDataUtil.java:27)
at com.test.day11.testcases.RegisterTest.setup(RegisterTest.java:24)
at java.util.ArrayList.forEach(ArrayList.java:1249)
Caused by: com.mysql.jdbc.exceptions.jdbc4.CommunicationsException: Communications link failure

The last packet sent successfully to the server was 0 milliseconds ago. The driver has not received any packets from the server.
at com.mysql.jdbc.Util.handleNewInstance(Util.java:404)
at com.mysql.jdbc.SQLError.createCommunicationsException(SQLError.java:981)
at com.mysql.jdbc.MysqlIO.<init>(MysqlIO.java:339)
at com.mysql.jdbc.ConnectionImpl.coreConnect(ConnectionImpl.java:2253)
at com.mysql.jdbc.ConnectionImpl.connectOneTryOnly(ConnectionImpl.java:2286)
at com.mysql.jdbc.ConnectionImpl.createNewIO(ConnectionImpl.java:2085)
at com.mysql.jdbc.ConnectionImpl.<init>(ConnectionImpl.java:795)
at com.mysql.jdbc.JDBC4Connection.<init>(JDBC4Connection.java:44)
at com.mysql.jdbc.Util.handleNewInstance(Util.java:404)
at com.mysql.jdbc.ConnectionImpl.getInstance(ConnectionImpl.java:400)
at com.mysql.jdbc.NonRegisteringDriver.connect(NonRegisteringDriver.java:327)
at java.sql.DriverManager.getConnection(DriverManager.java:664)
at java.sql.DriverManager.getConnection(DriverManager.java:247)
at com.test.day11.util.JDBCUtil.getConnection(JDBCUtil.java:25)
... 33 more
Caused by: java.net.ConnectException: Connection timed out: connect
at java.net.DualStackPlainSocketImpl.connect0(Native Method)
at java.net.DualStackPlainSocketImpl.socketConnect(DualStackPlainSocketImpl.java:79)
at java.net.AbstractPlainSocketImpl.doConnect(AbstractPlainSocketImpl.java:350)
at java.net.AbstractPlainSocketImpl.connectToAddress(AbstractPlainSocketImpl.java:206)
at java.net.AbstractPlainSocketImpl.connect(AbstractPlainSocketImpl.java:188)
at java.net.PlainSocketImpl.connect(PlainSocketImpl.java:172)
at java.net.SocksSocketImpl.connect(SocksSocketImpl.java:392)
at java.net.Socket.connect(Socket.java:589)
at com.mysql.jdbc.StandardSocketFactory.connect(StandardSocketFactory.java:211)
at com.mysql.jdbc.MysqlIO.<init>(MysqlIO.java:298)
... 48 more
... Removed 37 stack frames]]>
    </failure>
  </testcase> <!-- @BeforeClass setup -->
  <testcase name="test_register_success" time="0.0" classname="com.test.day11.testcases.RegisterTest">
    <skipped/>
  </testcase> <!-- test_register_success -->
  <testcase name="test_register_success" time="0.0" classname="com.test.day11.testcases.RegisterTest">
    <skipped/>
  </testcase> <!-- test_register_success -->
  <testcase name="test_register_success" time="0.0" classname="com.test.day11.testcases.RegisterTest">
    <skipped/>
  </testcase> <!-- test_register_success -->
</testsuite> <!-- Test -->
