<?xml version="1.0" encoding="UTF-8"?>
<testsuite xmlns:xsi="http://www.w3.org/2001/XMLSchema-instance" xsi:noNamespaceSchemaLocation="https://maven.apache.org/surefire/maven-surefire-plugin/xsd/surefire-test-report.xsd" name="TestSuite" time="25.535" tests="4" errors="0" skipped="3" failures="1">
  <properties>
[...]
</properties>
  <testcase name="setup" classname="com.test.day11.testcases.RegisterTest" time="23.733">
    <failure message="com.mysql.jdbc.exceptions.jdbc4.CommunicationsException: Communications link failure&#10;&#10;The last packet sent successfully to the server was 0 milliseconds ago. The driver has not received any packets from the server." type="java.lang.RuntimeException">java.lang.RuntimeException: 
com.mysql.jdbc.exceptions.jdbc4.CommunicationsException: Communications link failure

The last packet sent successfully to the server was 0 milliseconds ago. The driver has not received any packets from the server.
	at com.test.day11.testcases.RegisterTest.setup(RegisterTest.java:24)
Caused by: com.mysql.jdbc.exceptions.jdbc4.CommunicationsException: 
Communications link failure

The last packet sent successfully to the server was 0 milliseconds ago. The driver has not received any packets from the server.
	at com.test.day11.testcases.RegisterTest.setup(RegisterTest.java:24)
Caused by: java.net.ConnectException: Connection timed out: connect
	at com.test.day11.testcases.RegisterTest.setup(RegisterTest.java:24)
</failure>
    <system-out><![CDATA[[TestNG] [WARN] Ignoring duplicate listener : io.qameta.allure.testng.AllureTestNg
[TestNG] [WARN] Ignoring duplicate listener : io.qameta.allure.testng.AllureTestNg
[TestNG] [WARN] Ignoring duplicate listener : io.qameta.allure.testng.AllureTestNg
]]></system-out>
    <system-err><![CDATA[SLF4J: Failed to load class "org.slf4j.impl.StaticLoggerBinder".
SLF4J: Defaulting to no-operation (NOP) logger implementation
SLF4J: See http://www.slf4j.org/codes.html#StaticLoggerBinder for further details.
]]></system-err>
  </testcase>
  <testcase name="test_register_success" classname="com.test.day11.testcases.RegisterTest" time="0">
    <skipped message="com.mysql.jdbc.exceptions.jdbc4.CommunicationsException: Communications link failure&#10;&#10;The last packet sent successfully to the server was 0 milliseconds ago. The driver has not received any packets from the server."/>
  </testcase>
  <testcase name="test_register_success" classname="com.test.day11.testcases.RegisterTest" time="0">
    <skipped message="com.mysql.jdbc.exceptions.jdbc4.CommunicationsException: Communications link failure&#10;&#10;The last packet sent successfully to the server was 0 milliseconds ago. The driver has not received any packets from the server."/>
  </testcase>
  <testcase name="test_register_success" classname="com.test.day11.testcases.RegisterTest" time="0">
    <skipped message="com.mysql.jdbc.exceptions.jdbc4.CommunicationsException: Communications link failure&#10;&#10;The last packet sent successfully to the server was 0 milliseconds ago. The driver has not received any packets from the server."/>
  </testcase>
</testsuite>