-------------------------------------------------------------------------------
Test set: TestSuite
-------------------------------------------------------------------------------
Tests run: 4, Failures: 1, Errors: 0, Skipped: 3, Time elapsed: 25.535 s <<< FAILURE! - in TestSuite
setup(com.test.day11.testcases.RegisterTest)  Time elapsed: 23.733 s  <<< FAILURE!
java.lang.RuntimeException: 
com.mysql.jdbc.exceptions.jdbc4.CommunicationsException: Communications link failure

The last packet sent successfully to the server was 0 milliseconds ago. The driver has not received any packets from the server.
	at com.test.day11.testcases.RegisterTest.setup(RegisterTest.java:24)
Caused by: com.mysql.jdbc.exceptions.jdbc4.CommunicationsException: 
Communications link failure

The last packet sent successfully to the server was 0 milliseconds ago. The driver has not received any packets from the server.
	at com.test.day11.testcases.RegisterTest.setup(RegisterTest.java:24)
Caused by: java.net.ConnectException: Connection timed out: connect
	at com.test.day11.testcases.RegisterTest.setup(RegisterTest.java:24)

